<?xml version="1.0" encoding="UTF-8"?>
<!-- Generated by org.testng.reporters.JUnitXMLReporter -->
<testsuite hostname="grune4ka-laptop" name="Command line test" tests="8" failures="0" timestamp="25 Oct 2013 17:56:56 GMT" time="89.961" errors="0">
  <testcase name="CalendarTestCollapse" time="1.584" classname="ru.mail.go.calendar.tests.CalendarTest"/>
  <testcase name="CalendarTestCurrentDay" time="0.155" classname="ru.mail.go.calendar.tests.CalendarTest"/>
  <testcase name="CalendarTestCurrentYear" time="0.196" classname="ru.mail.go.calendar.tests.CalendarTest"/>
  <testcase name="CalendarTestExpand" time="0.749" classname="ru.mail.go.calendar.tests.CalendarTest"/>
  <testcase name="CalendarTestHolyday" time="0.163" classname="ru.mail.go.calendar.tests.CalendarTest"/>
  <testcase name="CalendarTestOtherYear" time="0.551" classname="ru.mail.go.calendar.tests.CalendarTest"/>
  <testcase name="CalendarTestShortday" time="0.148" classname="ru.mail.go.calendar.tests.CalendarTest"/>
  <testcase name="CalendarTestTitle" time="0.227" classname="ru.mail.go.calendar.tests.CalendarTest"/>
</testsuite> <!-- Command line test -->
