<?xml version="1.0" encoding="UTF-8" ?>
<testsuite failures="0" time="91.612" errors="0" skipped="0" tests="8" name="ru.mail.go.calendar.tests.CalendarTest">
  <properties>
[...]
</properties>
  <testcase time="1.579" classname="ru.mail.go.calendar.tests.CalendarTest" name="CalendarTestCollapse"/>
  <testcase time="0.155" classname="ru.mail.go.calendar.tests.CalendarTest" name="CalendarTestCurrentDay"/>
  <testcase time="0.196" classname="ru.mail.go.calendar.tests.CalendarTest" name="CalendarTestCurrentYear"/>
  <testcase time="0.75" classname="ru.mail.go.calendar.tests.CalendarTest" name="CalendarTestExpand"/>
  <testcase time="0.163" classname="ru.mail.go.calendar.tests.CalendarTest" name="CalendarTestHolyday"/>
  <testcase time="0.55" classname="ru.mail.go.calendar.tests.CalendarTest" name="CalendarTestOtherYear"/>
  <testcase time="0.147" classname="ru.mail.go.calendar.tests.CalendarTest" name="CalendarTestShortday"/>
  <testcase time="0.227" classname="ru.mail.go.calendar.tests.CalendarTest" name="CalendarTestTitle"/>
</testsuite>